c:\users\hackerkevin\desktop\logistics_management\logistics_management\debug\vc142.pdb
c:\users\hackerkevin\desktop\logistics_management\logistics_management\debug\vc142.idb
c:\users\hackerkevin\desktop\logistics_management\logistics_management\debug\warehouse_inventory.obj
c:\users\hackerkevin\desktop\logistics_management\logistics_management\debug\test.obj
c:\users\hackerkevin\desktop\logistics_management\logistics_management\debug\outbound_products.obj
c:\users\hackerkevin\desktop\logistics_management\logistics_management\debug\inbound_products.obj
c:\users\hackerkevin\desktop\logistics_management\logistics_management\debug\logistics_management.pdb
c:\users\hackerkevin\desktop\logistics_management\logistics_management\debug\logistic.fabf3af1.tlog\cl.command.1.tlog
c:\users\hackerkevin\desktop\logistics_management\logistics_management\debug\logistic.fabf3af1.tlog\cl.read.1.tlog
c:\users\hackerkevin\desktop\logistics_management\logistics_management\debug\logistic.fabf3af1.tlog\cl.write.1.tlog
c:\users\hackerkevin\desktop\logistics_management\logistics_management\debug\logistic.fabf3af1.tlog\link-cvtres.read.1.tlog
c:\users\hackerkevin\desktop\logistics_management\logistics_management\debug\logistic.fabf3af1.tlog\link-cvtres.write.1.tlog
c:\users\hackerkevin\desktop\logistics_management\logistics_management\debug\logistic.fabf3af1.tlog\link-rc.read.1.tlog
c:\users\hackerkevin\desktop\logistics_management\logistics_management\debug\logistic.fabf3af1.tlog\link-rc.write.1.tlog
c:\users\hackerkevin\desktop\logistics_management\logistics_management\debug\logistic.fabf3af1.tlog\link.1056-cvtres.read.1.tlog
c:\users\hackerkevin\desktop\logistics_management\logistics_management\debug\logistic.fabf3af1.tlog\link.1056-cvtres.write.1.tlog
c:\users\hackerkevin\desktop\logistics_management\logistics_management\debug\logistic.fabf3af1.tlog\link.1056-rc.read.1.tlog
c:\users\hackerkevin\desktop\logistics_management\logistics_management\debug\logistic.fabf3af1.tlog\link.1056-rc.write.1.tlog
c:\users\hackerkevin\desktop\logistics_management\logistics_management\debug\logistic.fabf3af1.tlog\link.1056.read.1.tlog
c:\users\hackerkevin\desktop\logistics_management\logistics_management\debug\logistic.fabf3af1.tlog\link.1056.write.1.tlog
c:\users\hackerkevin\desktop\logistics_management\logistics_management\debug\logistic.fabf3af1.tlog\link.command.1.tlog
c:\users\hackerkevin\desktop\logistics_management\logistics_management\debug\logistic.fabf3af1.tlog\link.read.1.tlog
c:\users\hackerkevin\desktop\logistics_management\logistics_management\debug\logistic.fabf3af1.tlog\link.write.1.tlog
